Running raw.out
Running vmv1r.out
-9223372036852332833 cycles, -9223372036853846357 instret (before)
-9223372036812121868 cycles, -9223372036833659474 instret (after)
40210965 cycles, 20186883 instret elapsed
  ~1.991935 cycles-per-inst
  ~2010.548250 cycles-per-iteration
  ~1009.344150 insts-per-iteration
Running vmv2r.out
-9223372036852336317 cycles, -9223372036853800068 instret (before)
-9223372036771972274 cycles, -9223372036833550168 instret (after)
80364043 cycles, 20249900 instret elapsed
  ~3.968614 cycles-per-inst
  ~4018.202150 cycles-per-iteration
  ~1012.495000 insts-per-iteration
Running vmv4r.out
-9223372036852282078 cycles, -9223372036853773987 instret (before)
-9223372036691822046 cycles, -9223372036833449600 instret (after)
160460032 cycles, 20324387 instret elapsed
  ~7.894951 cycles-per-inst
  ~8023.001600 cycles-per-iteration
  ~1016.219350 insts-per-iteration
Running vmv8r.out
-9223372036852080667 cycles, -9223372036853760215 instret (before)
-9223372036531459446 cycles, -9223372036833283117 instret (after)
320621221 cycles, 20477098 instret elapsed
  ~15.657552 cycles-per-inst
  ~16031.061050 cycles-per-iteration
  ~1023.854900 insts-per-iteration
