Running raw.out
Running vlse-e16_m1_vlmax.out
-9223372036852264075 cycles, -9223372036853840174 instret (before)
-9223372036531311547 cycles, -9223372036833241928 instret (after)
320952528 cycles, 20598246 instret elapsed
  ~15.581547 cycles-per-inst
  ~16047.626400 cycles-per-iteration
  ~1029.912300 insts-per-iteration
Running vlse-e16_m2_vlmax.out
-9223372036852296327 cycles, -9223372036853803081 instret (before)
-9223372036211076574 cycles, -9223372036832989825 instret (after)
641219753 cycles, 20813256 instret elapsed
  ~30.808238 cycles-per-inst
  ~32060.987650 cycles-per-iteration
  ~1040.662800 insts-per-iteration
Running vlse-e16_m4_vlmax.out
-9223372036852211095 cycles, -9223372036853766216 instret (before)
-9223372035553946743 cycles, -9223372036824313927 instret (after)
1298264352 cycles, 29452289 instret elapsed
  ~44.080253 cycles-per-inst
  ~64913.217600 cycles-per-iteration
  ~1472.614450 insts-per-iteration
Running vlse-e16_mf2_vlmax.out
-9223372036852299391 cycles, -9223372036853805529 instret (before)
-9223372036691720598 cycles, -9223372036833458927 instret (after)
160578793 cycles, 20346602 instret elapsed
  ~7.892168 cycles-per-inst
  ~8028.939650 cycles-per-iteration
  ~1017.330100 insts-per-iteration
Running vlse-e16_mf4_vlmax.out
-9223372036852324822 cycles, -9223372036853848478 instret (before)
-9223372036771972400 cycles, -9223372036833606161 instret (after)
80352422 cycles, 20242317 instret elapsed
  ~3.969527 cycles-per-inst
  ~4017.621100 cycles-per-iteration
  ~1012.115850 insts-per-iteration
Running vlse-e16_mf8_vlmax.out
Running vlse-e32_m1_vlmax.out
-9223372036852261059 cycles, -9223372036853776500 instret (before)
-9223372036691270584 cycles, -9223372036833288464 instret (after)
160990475 cycles, 20488036 instret elapsed
  ~7.857780 cycles-per-inst
  ~8049.523750 cycles-per-iteration
  ~1024.401800 insts-per-iteration
Running vlse-e32_m2_vlmax.out
-9223372036852300179 cycles, -9223372036853801622 instret (before)
-9223372036531499911 cycles, -9223372036833293440 instret (after)
320800268 cycles, 20508182 instret elapsed
  ~15.642550 cycles-per-inst
  ~16040.013400 cycles-per-iteration
  ~1025.409100 insts-per-iteration
Running vlse-e32_m4_vlmax.out
-9223372036852423150 cycles, -9223372036853853716 instret (before)
-9223372036211197246 cycles, -9223372036833028685 instret (after)
641225904 cycles, 20825031 instret elapsed
  ~30.791114 cycles-per-inst
  ~32061.295200 cycles-per-iteration
  ~1041.251550 insts-per-iteration
Running vlse-e32_mf2_vlmax.out
-9223372036852420486 cycles, -9223372036853858435 instret (before)
-9223372036771986948 cycles, -9223372036833601641 instret (after)
80433538 cycles, 20256794 instret elapsed
  ~3.970694 cycles-per-inst
  ~4021.676900 cycles-per-iteration
  ~1012.839700 insts-per-iteration
Running vlse-e32_mf4_vlmax.out
Running vlse-e32_mf8_vlmax.out
Running vlse-e64_m1_vlmax.out
-9223372036852269747 cycles, -9223372036853771354 instret (before)
-9223372036768161313 cycles, -9223372036831661401 instret (after)
84108434 cycles, 22109953 instret elapsed
  ~3.804098 cycles-per-inst
  ~4205.421700 cycles-per-iteration
  ~1105.497650 insts-per-iteration
Running vlse-e64_m2_vlmax.out
-9223372036852318635 cycles, -9223372036853802034 instret (before)
-9223372036691795358 cycles, -9223372036833473336 instret (after)
160523277 cycles, 20328698 instret elapsed
  ~7.896388 cycles-per-inst
  ~8026.163850 cycles-per-iteration
  ~1016.434900 insts-per-iteration
Running vlse-e64_m4_vlmax.out
-9223372036852302813 cycles, -9223372036853840377 instret (before)
-9223372036531505789 cycles, -9223372036833337075 instret (after)
320797024 cycles, 20503302 instret elapsed
  ~15.646115 cycles-per-inst
  ~16039.851200 cycles-per-iteration
  ~1025.165100 insts-per-iteration
Running vlse-e64_mf2_vlmax.out
Running vlse-e64_mf4_vlmax.out
Running vlse-e64_mf8_vlmax.out
Running vlse-e8_m1_vlmax.out
-9223372036852225228 cycles, -9223372036853764504 instret (before)
-9223372036206281401 cycles, -9223372036830597093 instret (after)
645943827 cycles, 23167411 instret elapsed
  ~27.881572 cycles-per-inst
  ~32297.191350 cycles-per-iteration
  ~1158.370550 insts-per-iteration
Running vlse-e8_m2_vlmax.out
-9223372036852122297 cycles, -9223372036853737814 instret (before)
-9223372035559200896 cycles, -9223372036826884823 instret (after)
1292921401 cycles, 26852991 instret elapsed
  ~48.148134 cycles-per-inst
  ~64646.070050 cycles-per-iteration
  ~1342.649550 insts-per-iteration
Running vlse-e8_m4_vlmax.out
-9223372036852397280 cycles, -9223372036853856304 instret (before)
-9223372034288190752 cycles, -9223372036831118654 instret (after)
2564206528 cycles, 22737650 instret elapsed
  ~112.773595 cycles-per-inst
  ~128210.326400 cycles-per-iteration
  ~1136.882500 insts-per-iteration
Running vlse-e8_mf2_vlmax.out
-9223372036852241494 cycles, -9223372036853768578 instret (before)
-9223372036530624388 cycles, -9223372036832933169 instret (after)
321617106 cycles, 20835409 instret elapsed
  ~15.436083 cycles-per-inst
  ~16080.855300 cycles-per-iteration
  ~1041.770450 insts-per-iteration
Running vlse-e8_mf4_vlmax.out
-9223372036852285724 cycles, -9223372036853768372 instret (before)
-9223372036691661292 cycles, -9223372036833386565 instret (after)
160624432 cycles, 20381807 instret elapsed
  ~7.880775 cycles-per-inst
  ~8031.221600 cycles-per-iteration
  ~1019.090350 insts-per-iteration
Running vlse-e8_mf8_vlmax.out
-9223372036852191355 cycles, -9223372036853743092 instret (before)
-9223372036771675175 cycles, -9223372036833458070 instret (after)
80516180 cycles, 20285022 instret elapsed
  ~3.969243 cycles-per-inst
  ~4025.809000 cycles-per-iteration
  ~1014.251100 insts-per-iteration
